{"C:\\Users\\user\\Documents\\brendan\\futureproof\\LAP2\\lap2_project\\frontend\\static\\js\\layout.js": {"path":"C:\\Users\\user\\Documents\\brendan\\futureproof\\LAP2\\lap2_project\\frontend\\static\\js\\layout.js","statementMap":{"0":{"start":{"line":1,"column":18},"end":{"line":1,"column":41}},"1":{"start":{"line":4,"column":13},"end":{"line":4,"column":43}},"2":{"start":{"line":5,"column":0},"end":{"line":5,"column":17}},"3":{"start":{"line":8,"column":20},"end":{"line":12,"column":1}},"4":{"start":{"line":14,"column":23},"end":{"line":18,"column":1}},"5":{"start":{"line":20,"column":28},"end":{"line":23,"column":1}},"6":{"start":{"line":25,"column":24},"end":{"line":29,"column":1}},"7":{"start":{"line":31,"column":21},"end":{"line":35,"column":1}},"8":{"start":{"line":39,"column":0},"end":{"line":39,"column":15}},"9":{"start":{"line":41,"column":0},"end":{"line":41,"column":53}},"10":{"start":{"line":44,"column":4},"end":{"line":44,"column":42}},"11":{"start":{"line":45,"column":15},"end":{"line":45,"column":48}},"12":{"start":{"line":46,"column":20},"end":{"line":46,"column":36}},"13":{"start":{"line":47,"column":18},"end":{"line":47,"column":31}},"14":{"start":{"line":48,"column":4},"end":{"line":66,"column":5}},"15":{"start":{"line":49,"column":8},"end":{"line":49,"column":20}},"16":{"start":{"line":50,"column":8},"end":{"line":50,"column":19}},"17":{"start":{"line":51,"column":11},"end":{"line":66,"column":5}},"18":{"start":{"line":52,"column":8},"end":{"line":52,"column":20}},"19":{"start":{"line":53,"column":8},"end":{"line":53,"column":20}},"20":{"start":{"line":54,"column":11},"end":{"line":66,"column":5}},"21":{"start":{"line":55,"column":8},"end":{"line":55,"column":20}},"22":{"start":{"line":56,"column":8},"end":{"line":56,"column":23}},"23":{"start":{"line":57,"column":11},"end":{"line":66,"column":5}},"24":{"start":{"line":58,"column":8},"end":{"line":58,"column":20}},"25":{"start":{"line":59,"column":8},"end":{"line":59,"column":20}},"26":{"start":{"line":60,"column":11},"end":{"line":66,"column":5}},"27":{"start":{"line":61,"column":8},"end":{"line":61,"column":20}},"28":{"start":{"line":62,"column":8},"end":{"line":62,"column":28}},"29":{"start":{"line":63,"column":11},"end":{"line":66,"column":5}},"30":{"start":{"line":64,"column":8},"end":{"line":64,"column":20}},"31":{"start":{"line":65,"column":8},"end":{"line":65,"column":21}},"32":{"start":{"line":70,"column":20},"end":{"line":70,"column":49}},"33":{"start":{"line":71,"column":4},"end":{"line":71,"column":26}},"34":{"start":{"line":72,"column":4},"end":{"line":72,"column":30}},"35":{"start":{"line":73,"column":19},"end":{"line":73,"column":47}},"36":{"start":{"line":74,"column":4},"end":{"line":74,"column":36}},"37":{"start":{"line":75,"column":4},"end":{"line":75,"column":40}},"38":{"start":{"line":76,"column":4},"end":{"line":76,"column":32}},"39":{"start":{"line":78,"column":27},"end":{"line":78,"column":56}},"40":{"start":{"line":79,"column":4},"end":{"line":79,"column":40}},"41":{"start":{"line":80,"column":4},"end":{"line":80,"column":39}},"42":{"start":{"line":81,"column":24},"end":{"line":81,"column":53}},"43":{"start":{"line":82,"column":4},"end":{"line":82,"column":35}},"44":{"start":{"line":83,"column":4},"end":{"line":83,"column":54}},"45":{"start":{"line":84,"column":4},"end":{"line":84,"column":44}},"46":{"start":{"line":86,"column":23},"end":{"line":86,"column":52}},"47":{"start":{"line":87,"column":4},"end":{"line":87,"column":32}},"48":{"start":{"line":88,"column":4},"end":{"line":88,"column":36}},"49":{"start":{"line":90,"column":24},"end":{"line":90,"column":53}},"50":{"start":{"line":91,"column":4},"end":{"line":91,"column":46}},"51":{"start":{"line":92,"column":4},"end":{"line":92,"column":39}},"52":{"start":{"line":93,"column":24},"end":{"line":93,"column":56}},"53":{"start":{"line":94,"column":4},"end":{"line":94,"column":34}},"54":{"start":{"line":95,"column":4},"end":{"line":95,"column":38}},"55":{"start":{"line":96,"column":4},"end":{"line":96,"column":41}},"56":{"start":{"line":97,"column":4},"end":{"line":97,"column":83}},"57":{"start":{"line":97,"column":50},"end":{"line":97,"column":80}},"58":{"start":{"line":99,"column":27},"end":{"line":99,"column":56}},"59":{"start":{"line":100,"column":4},"end":{"line":100,"column":49}},"60":{"start":{"line":101,"column":4},"end":{"line":101,"column":42}},"61":{"start":{"line":102,"column":27},"end":{"line":102,"column":59}},"62":{"start":{"line":103,"column":4},"end":{"line":103,"column":37}},"63":{"start":{"line":104,"column":4},"end":{"line":104,"column":44}},"64":{"start":{"line":105,"column":4},"end":{"line":105,"column":47}},"65":{"start":{"line":106,"column":4},"end":{"line":106,"column":89}},"66":{"start":{"line":106,"column":53},"end":{"line":106,"column":86}},"67":{"start":{"line":110,"column":25},"end":{"line":110,"column":54}},"68":{"start":{"line":111,"column":4},"end":{"line":111,"column":36}},"69":{"start":{"line":112,"column":4},"end":{"line":112,"column":35}},"70":{"start":{"line":114,"column":19},"end":{"line":114,"column":47}},"71":{"start":{"line":115,"column":4},"end":{"line":115,"column":36}},"72":{"start":{"line":116,"column":4},"end":{"line":116,"column":40}},"73":{"start":{"line":117,"column":4},"end":{"line":117,"column":37}},"74":{"start":{"line":119,"column":4},"end":{"line":119,"column":73}},"75":{"start":{"line":119,"column":45},"end":{"line":119,"column":70}},"76":{"start":{"line":121,"column":21},"end":{"line":121,"column":50}},"77":{"start":{"line":122,"column":4},"end":{"line":122,"column":29}},"78":{"start":{"line":123,"column":4},"end":{"line":123,"column":39}},"79":{"start":{"line":125,"column":22},"end":{"line":125,"column":52}},"80":{"start":{"line":126,"column":4},"end":{"line":126,"column":31}},"81":{"start":{"line":127,"column":24},"end":{"line":127,"column":52}},"82":{"start":{"line":128,"column":4},"end":{"line":128,"column":38}},"83":{"start":{"line":129,"column":4},"end":{"line":129,"column":39}},"84":{"start":{"line":130,"column":4},"end":{"line":134,"column":6}},"85":{"start":{"line":131,"column":22},"end":{"line":131,"column":51}},"86":{"start":{"line":132,"column":8},"end":{"line":132,"column":82}},"87":{"start":{"line":132,"column":57},"end":{"line":132,"column":81}},"88":{"start":{"line":133,"column":8},"end":{"line":133,"column":37}},"89":{"start":{"line":135,"column":4},"end":{"line":138,"column":6}},"90":{"start":{"line":136,"column":8},"end":{"line":136,"column":26}},"91":{"start":{"line":137,"column":8},"end":{"line":137,"column":23}},"92":{"start":{"line":139,"column":4},"end":{"line":139,"column":35}},"93":{"start":{"line":143,"column":28},"end":{"line":143,"column":57}},"94":{"start":{"line":144,"column":4},"end":{"line":144,"column":42}},"95":{"start":{"line":145,"column":4},"end":{"line":145,"column":38}},"96":{"start":{"line":147,"column":22},"end":{"line":147,"column":51}},"97":{"start":{"line":148,"column":4},"end":{"line":148,"column":33}},"98":{"start":{"line":149,"column":4},"end":{"line":149,"column":43}},"99":{"start":{"line":151,"column":19},"end":{"line":151,"column":47}},"100":{"start":{"line":152,"column":4},"end":{"line":152,"column":36}},"101":{"start":{"line":153,"column":4},"end":{"line":153,"column":40}},"102":{"start":{"line":154,"column":4},"end":{"line":154,"column":40}},"103":{"start":{"line":156,"column":4},"end":{"line":156,"column":73}},"104":{"start":{"line":156,"column":45},"end":{"line":156,"column":70}},"105":{"start":{"line":158,"column":24},"end":{"line":158,"column":53}},"106":{"start":{"line":159,"column":4},"end":{"line":159,"column":35}},"107":{"start":{"line":160,"column":4},"end":{"line":160,"column":45}},"108":{"start":{"line":162,"column":25},"end":{"line":162,"column":55}},"109":{"start":{"line":163,"column":4},"end":{"line":163,"column":36}},"110":{"start":{"line":164,"column":27},"end":{"line":164,"column":55}},"111":{"start":{"line":165,"column":4},"end":{"line":165,"column":44}},"112":{"start":{"line":166,"column":4},"end":{"line":166,"column":45}},"113":{"start":{"line":167,"column":4},"end":{"line":171,"column":6}},"114":{"start":{"line":168,"column":22},"end":{"line":168,"column":51}},"115":{"start":{"line":169,"column":8},"end":{"line":169,"column":82}},"116":{"start":{"line":169,"column":57},"end":{"line":169,"column":81}},"117":{"start":{"line":170,"column":8},"end":{"line":170,"column":40}},"118":{"start":{"line":173,"column":4},"end":{"line":176,"column":6}},"119":{"start":{"line":174,"column":8},"end":{"line":174,"column":26}},"120":{"start":{"line":175,"column":8},"end":{"line":175,"column":30}},"121":{"start":{"line":177,"column":4},"end":{"line":177,"column":41}},"122":{"start":{"line":182,"column":19},"end":{"line":182,"column":47}},"123":{"start":{"line":183,"column":4},"end":{"line":183,"column":36}},"124":{"start":{"line":184,"column":4},"end":{"line":184,"column":31}},"125":{"start":{"line":185,"column":4},"end":{"line":185,"column":40}},"126":{"start":{"line":186,"column":4},"end":{"line":186,"column":29}},"127":{"start":{"line":188,"column":4},"end":{"line":188,"column":73}},"128":{"start":{"line":188,"column":45},"end":{"line":188,"column":70}},"129":{"start":{"line":190,"column":25},"end":{"line":190,"column":54}},"130":{"start":{"line":191,"column":4},"end":{"line":191,"column":36}},"131":{"start":{"line":192,"column":4},"end":{"line":192,"column":35}},"132":{"start":{"line":193,"column":28},"end":{"line":193,"column":56}},"133":{"start":{"line":194,"column":4},"end":{"line":194,"column":39}},"134":{"start":{"line":195,"column":4},"end":{"line":195,"column":51}},"135":{"start":{"line":196,"column":4},"end":{"line":196,"column":46}},"136":{"start":{"line":198,"column":29},"end":{"line":198,"column":58}},"137":{"start":{"line":199,"column":4},"end":{"line":199,"column":45}},"138":{"start":{"line":200,"column":4},"end":{"line":200,"column":46}},"139":{"start":{"line":201,"column":19},"end":{"line":201,"column":69}},"140":{"start":{"line":202,"column":4},"end":{"line":202,"column":34}},"141":{"start":{"line":203,"column":4},"end":{"line":210,"column":6}},"142":{"start":{"line":204,"column":22},"end":{"line":204,"column":54}},"143":{"start":{"line":205,"column":8},"end":{"line":205,"column":32}},"144":{"start":{"line":206,"column":8},"end":{"line":206,"column":41}},"145":{"start":{"line":207,"column":8},"end":{"line":207,"column":89}},"146":{"start":{"line":207,"column":48},"end":{"line":207,"column":86}},"147":{"start":{"line":208,"column":8},"end":{"line":208,"column":44}},"148":{"start":{"line":209,"column":8},"end":{"line":209,"column":39}},"149":{"start":{"line":212,"column":25},"end":{"line":212,"column":57}},"150":{"start":{"line":213,"column":19},"end":{"line":213,"column":48}},"151":{"start":{"line":214,"column":4},"end":{"line":214,"column":25}},"152":{"start":{"line":215,"column":4},"end":{"line":215,"column":40}},"153":{"start":{"line":217,"column":4},"end":{"line":217,"column":37}},"154":{"start":{"line":218,"column":4},"end":{"line":223,"column":7}},"155":{"start":{"line":219,"column":8},"end":{"line":219,"column":20}},"156":{"start":{"line":220,"column":8},"end":{"line":222,"column":17}},"157":{"start":{"line":221,"column":12},"end":{"line":221,"column":44}},"158":{"start":{"line":225,"column":8},"end":{"line":225,"column":77}},"159":{"start":{"line":227,"column":28},"end":{"line":227,"column":57}},"160":{"start":{"line":228,"column":4},"end":{"line":228,"column":43}},"161":{"start":{"line":229,"column":4},"end":{"line":229,"column":38}},"162":{"start":{"line":229,"column":39},"end":{"line":229,"column":81}},"163":{"start":{"line":230,"column":4},"end":{"line":230,"column":36}},"164":{"start":{"line":231,"column":4},"end":{"line":231,"column":44}},"165":{"start":{"line":232,"column":4},"end":{"line":232,"column":19}},"166":{"start":{"line":236,"column":4},"end":{"line":236,"column":60}},"167":{"start":{"line":240,"column":21},"end":{"line":240,"column":79}},"168":{"start":{"line":241,"column":21},"end":{"line":241,"column":50}},"169":{"start":{"line":242,"column":4},"end":{"line":242,"column":31}},"170":{"start":{"line":243,"column":19},"end":{"line":243,"column":47}},"171":{"start":{"line":244,"column":4},"end":{"line":244,"column":52}},"172":{"start":{"line":245,"column":4},"end":{"line":245,"column":33}},"173":{"start":{"line":246,"column":19},"end":{"line":246,"column":47}},"174":{"start":{"line":247,"column":4},"end":{"line":247,"column":65}},"175":{"start":{"line":248,"column":4},"end":{"line":248,"column":24}},"176":{"start":{"line":249,"column":4},"end":{"line":249,"column":33}},"177":{"start":{"line":250,"column":22},"end":{"line":250,"column":50}},"178":{"start":{"line":251,"column":4},"end":{"line":251,"column":63}},"179":{"start":{"line":252,"column":4},"end":{"line":252,"column":30}},"180":{"start":{"line":253,"column":4},"end":{"line":253,"column":36}},"181":{"start":{"line":254,"column":29},"end":{"line":254,"column":61}},"182":{"start":{"line":255,"column":4},"end":{"line":255,"column":46}},"183":{"start":{"line":256,"column":4},"end":{"line":260,"column":6}},"184":{"start":{"line":257,"column":8},"end":{"line":257,"column":26}},"185":{"start":{"line":258,"column":8},"end":{"line":258,"column":69}},"186":{"start":{"line":259,"column":8},"end":{"line":259,"column":23}},"187":{"start":{"line":261,"column":4},"end":{"line":261,"column":43}},"188":{"start":{"line":262,"column":4},"end":{"line":262,"column":46}},"189":{"start":{"line":264,"column":27},"end":{"line":264,"column":57}},"190":{"start":{"line":265,"column":4},"end":{"line":269,"column":6}},"191":{"start":{"line":266,"column":22},"end":{"line":266,"column":51}},"192":{"start":{"line":267,"column":8},"end":{"line":267,"column":82}},"193":{"start":{"line":267,"column":57},"end":{"line":267,"column":81}},"194":{"start":{"line":268,"column":8},"end":{"line":268,"column":42}},"195":{"start":{"line":270,"column":4},"end":{"line":270,"column":41}},"196":{"start":{"line":272,"column":26},"end":{"line":272,"column":72}},"197":{"start":{"line":273,"column":4},"end":{"line":278,"column":6}},"198":{"start":{"line":274,"column":22},"end":{"line":274,"column":51}},"199":{"start":{"line":275,"column":8},"end":{"line":275,"column":82}},"200":{"start":{"line":275,"column":57},"end":{"line":275,"column":81}},"201":{"start":{"line":276,"column":8},"end":{"line":276,"column":47}},"202":{"start":{"line":277,"column":8},"end":{"line":277,"column":41}},"203":{"start":{"line":279,"column":4},"end":{"line":285,"column":5}},"204":{"start":{"line":280,"column":8},"end":{"line":280,"column":55}},"205":{"start":{"line":281,"column":11},"end":{"line":285,"column":5}},"206":{"start":{"line":282,"column":8},"end":{"line":282,"column":55}},"207":{"start":{"line":283,"column":11},"end":{"line":285,"column":5}},"208":{"start":{"line":284,"column":8},"end":{"line":284,"column":55}},"209":{"start":{"line":286,"column":4},"end":{"line":290,"column":7}},"210":{"start":{"line":287,"column":8},"end":{"line":287,"column":27}},"211":{"start":{"line":288,"column":8},"end":{"line":288,"column":73}},"212":{"start":{"line":289,"column":8},"end":{"line":289,"column":23}},"213":{"start":{"line":291,"column":25},"end":{"line":291,"column":57}},"214":{"start":{"line":292,"column":4},"end":{"line":292,"column":40}},"215":{"start":{"line":293,"column":4},"end":{"line":296,"column":6}},"216":{"start":{"line":294,"column":8},"end":{"line":294,"column":26}},"217":{"start":{"line":295,"column":8},"end":{"line":295,"column":60}},"218":{"start":{"line":297,"column":4},"end":{"line":297,"column":39}},"219":{"start":{"line":298,"column":4},"end":{"line":298,"column":40}},"220":{"start":{"line":299,"column":4},"end":{"line":299,"column":28}},"221":{"start":{"line":300,"column":4},"end":{"line":300,"column":19}},"222":{"start":{"line":304,"column":22},"end":{"line":304,"column":51}},"223":{"start":{"line":305,"column":4},"end":{"line":305,"column":32}},"224":{"start":{"line":307,"column":30},"end":{"line":307,"column":58}},"225":{"start":{"line":308,"column":4},"end":{"line":308,"column":52}},"226":{"start":{"line":309,"column":4},"end":{"line":309,"column":45}},"227":{"start":{"line":311,"column":23},"end":{"line":311,"column":53}},"228":{"start":{"line":312,"column":4},"end":{"line":316,"column":6}},"229":{"start":{"line":313,"column":22},"end":{"line":313,"column":51}},"230":{"start":{"line":314,"column":8},"end":{"line":314,"column":82}},"231":{"start":{"line":314,"column":57},"end":{"line":314,"column":81}},"232":{"start":{"line":315,"column":8},"end":{"line":315,"column":38}},"233":{"start":{"line":317,"column":4},"end":{"line":317,"column":38}},"234":{"start":{"line":318,"column":23},"end":{"line":318,"column":65}},"235":{"start":{"line":319,"column":4},"end":{"line":319,"column":28}},"236":{"start":{"line":320,"column":4},"end":{"line":325,"column":6}},"237":{"start":{"line":321,"column":22},"end":{"line":321,"column":51}},"238":{"start":{"line":322,"column":8},"end":{"line":322,"column":82}},"239":{"start":{"line":322,"column":57},"end":{"line":322,"column":81}},"240":{"start":{"line":323,"column":8},"end":{"line":323,"column":47}},"241":{"start":{"line":324,"column":8},"end":{"line":324,"column":38}},"242":{"start":{"line":326,"column":4},"end":{"line":329,"column":7}},"243":{"start":{"line":327,"column":8},"end":{"line":327,"column":27}},"244":{"start":{"line":328,"column":8},"end":{"line":328,"column":56}},"245":{"start":{"line":330,"column":4},"end":{"line":330,"column":28}},"246":{"start":{"line":331,"column":4},"end":{"line":331,"column":19}},"247":{"start":{"line":335,"column":4},"end":{"line":335,"column":27}},"248":{"start":{"line":339,"column":21},"end":{"line":339,"column":53}},"249":{"start":{"line":340,"column":4},"end":{"line":340,"column":47}},"250":{"start":{"line":341,"column":4},"end":{"line":341,"column":79}},"251":{"start":{"line":341,"column":49},"end":{"line":341,"column":76}},"252":{"start":{"line":342,"column":4},"end":{"line":342,"column":33}},"253":{"start":{"line":343,"column":4},"end":{"line":343,"column":38}},"254":{"start":{"line":347,"column":23},"end":{"line":347,"column":55}},"255":{"start":{"line":348,"column":4},"end":{"line":348,"column":39}},"256":{"start":{"line":349,"column":4},"end":{"line":349,"column":41}},"257":{"start":{"line":350,"column":4},"end":{"line":350,"column":50}},"258":{"start":{"line":351,"column":25},"end":{"line":351,"column":54}},"259":{"start":{"line":352,"column":4},"end":{"line":352,"column":37}},"260":{"start":{"line":353,"column":4},"end":{"line":353,"column":35}},"261":{"start":{"line":354,"column":4},"end":{"line":354,"column":43}},"262":{"start":{"line":355,"column":4},"end":{"line":355,"column":40}},"263":{"start":{"line":361,"column":4},"end":{"line":373,"column":5}},"264":{"start":{"line":362,"column":24},"end":{"line":366,"column":9}},"265":{"start":{"line":367,"column":18},"end":{"line":367,"column":65}},"266":{"start":{"line":368,"column":21},"end":{"line":368,"column":35}},"267":{"start":{"line":369,"column":8},"end":{"line":369,"column":48}},"268":{"start":{"line":369,"column":24},"end":{"line":369,"column":46}},"269":{"start":{"line":370,"column":8},"end":{"line":370,"column":20}},"270":{"start":{"line":372,"column":8},"end":{"line":372,"column":38}},"271":{"start":{"line":377,"column":20},"end":{"line":377,"column":42}},"272":{"start":{"line":378,"column":4},"end":{"line":378,"column":46}},"273":{"start":{"line":379,"column":4},"end":{"line":379,"column":55}},"274":{"start":{"line":380,"column":4},"end":{"line":380,"column":39}},"275":{"start":{"line":384,"column":4},"end":{"line":384,"column":25}},"276":{"start":{"line":385,"column":4},"end":{"line":385,"column":28}},"277":{"start":{"line":390,"column":4},"end":{"line":402,"column":5}},"278":{"start":{"line":391,"column":24},"end":{"line":395,"column":9}},"279":{"start":{"line":396,"column":18},"end":{"line":396,"column":68}},"280":{"start":{"line":397,"column":21},"end":{"line":397,"column":35}},"281":{"start":{"line":398,"column":8},"end":{"line":398,"column":47}},"282":{"start":{"line":398,"column":24},"end":{"line":398,"column":45}},"283":{"start":{"line":399,"column":8},"end":{"line":399,"column":24}},"284":{"start":{"line":401,"column":8},"end":{"line":401,"column":26}},"285":{"start":{"line":407,"column":4},"end":{"line":418,"column":5}},"286":{"start":{"line":408,"column":24},"end":{"line":410,"column":9}},"287":{"start":{"line":411,"column":25},"end":{"line":411,"column":79}},"288":{"start":{"line":412,"column":21},"end":{"line":412,"column":42}},"289":{"start":{"line":413,"column":8},"end":{"line":413,"column":33}},"290":{"start":{"line":414,"column":8},"end":{"line":414,"column":53}},"291":{"start":{"line":415,"column":8},"end":{"line":415,"column":30}},"292":{"start":{"line":417,"column":8},"end":{"line":417,"column":26}},"293":{"start":{"line":422,"column":4},"end":{"line":432,"column":5}},"294":{"start":{"line":423,"column":24},"end":{"line":425,"column":9}},"295":{"start":{"line":426,"column":25},"end":{"line":426,"column":95}},"296":{"start":{"line":427,"column":21},"end":{"line":427,"column":42}},"297":{"start":{"line":428,"column":8},"end":{"line":428,"column":33}},"298":{"start":{"line":429,"column":8},"end":{"line":429,"column":19}},"299":{"start":{"line":431,"column":8},"end":{"line":431,"column":26}},"300":{"start":{"line":437,"column":4},"end":{"line":437,"column":35}},"301":{"start":{"line":438,"column":4},"end":{"line":447,"column":5}},"302":{"start":{"line":439,"column":24},"end":{"line":442,"column":9}},"303":{"start":{"line":443,"column":25},"end":{"line":443,"column":105}},"304":{"start":{"line":446,"column":8},"end":{"line":446,"column":26}},"305":{"start":{"line":451,"column":4},"end":{"line":461,"column":5}},"306":{"start":{"line":452,"column":24},"end":{"line":456,"column":9}},"307":{"start":{"line":457,"column":25},"end":{"line":457,"column":86}},"308":{"start":{"line":458,"column":8},"end":{"line":458,"column":43}},"309":{"start":{"line":460,"column":8},"end":{"line":460,"column":26}},"310":{"start":{"line":465,"column":4},"end":{"line":475,"column":5}},"311":{"start":{"line":466,"column":24},"end":{"line":470,"column":9}},"312":{"start":{"line":471,"column":25},"end":{"line":471,"column":105}},"313":{"start":{"line":474,"column":8},"end":{"line":474,"column":26}},"314":{"start":{"line":480,"column":4},"end":{"line":489,"column":5}},"315":{"start":{"line":481,"column":24},"end":{"line":484,"column":9}},"316":{"start":{"line":485,"column":25},"end":{"line":485,"column":95}},"317":{"start":{"line":486,"column":8},"end":{"line":486,"column":43}},"318":{"start":{"line":488,"column":8},"end":{"line":488,"column":26}},"319":{"start":{"line":492,"column":0},"end":{"line":511,"column":1}}},"fnMap":{"0":{"name":"updateContent","decl":{"start":{"line":43,"column":9},"end":{"line":43,"column":22}},"loc":{"start":{"line":43,"column":25},"end":{"line":67,"column":1}},"line":43},"1":{"name":"homePage","decl":{"start":{"line":69,"column":9},"end":{"line":69,"column":17}},"loc":{"start":{"line":69,"column":20},"end":{"line":107,"column":1}},"line":69},"2":{"name":"(anonymous_2)","decl":{"start":{"line":97,"column":42},"end":{"line":97,"column":43}},"loc":{"start":{"line":97,"column":48},"end":{"line":97,"column":82}},"line":97},"3":{"name":"(anonymous_3)","decl":{"start":{"line":106,"column":45},"end":{"line":106,"column":46}},"loc":{"start":{"line":106,"column":51},"end":{"line":106,"column":88}},"line":106},"4":{"name":"loginPage","decl":{"start":{"line":109,"column":9},"end":{"line":109,"column":18}},"loc":{"start":{"line":109,"column":21},"end":{"line":140,"column":1}},"line":109},"5":{"name":"(anonymous_5)","decl":{"start":{"line":119,"column":37},"end":{"line":119,"column":38}},"loc":{"start":{"line":119,"column":43},"end":{"line":119,"column":72}},"line":119},"6":{"name":"(anonymous_6)","decl":{"start":{"line":130,"column":24},"end":{"line":130,"column":25}},"loc":{"start":{"line":130,"column":29},"end":{"line":134,"column":5}},"line":130},"7":{"name":"(anonymous_7)","decl":{"start":{"line":132,"column":45},"end":{"line":132,"column":46}},"loc":{"start":{"line":132,"column":57},"end":{"line":132,"column":81}},"line":132},"8":{"name":"(anonymous_8)","decl":{"start":{"line":135,"column":41},"end":{"line":135,"column":42}},"loc":{"start":{"line":135,"column":48},"end":{"line":138,"column":5}},"line":135},"9":{"name":"registerPage","decl":{"start":{"line":142,"column":9},"end":{"line":142,"column":21}},"loc":{"start":{"line":142,"column":24},"end":{"line":178,"column":1}},"line":142},"10":{"name":"(anonymous_10)","decl":{"start":{"line":156,"column":37},"end":{"line":156,"column":38}},"loc":{"start":{"line":156,"column":43},"end":{"line":156,"column":72}},"line":156},"11":{"name":"(anonymous_11)","decl":{"start":{"line":167,"column":27},"end":{"line":167,"column":28}},"loc":{"start":{"line":167,"column":32},"end":{"line":171,"column":5}},"line":167},"12":{"name":"(anonymous_12)","decl":{"start":{"line":169,"column":45},"end":{"line":169,"column":46}},"loc":{"start":{"line":169,"column":57},"end":{"line":169,"column":81}},"line":169},"13":{"name":"(anonymous_13)","decl":{"start":{"line":173,"column":44},"end":{"line":173,"column":45}},"loc":{"start":{"line":173,"column":51},"end":{"line":176,"column":5}},"line":173},"14":{"name":"dashboard","decl":{"start":{"line":180,"column":15},"end":{"line":180,"column":24}},"loc":{"start":{"line":180,"column":27},"end":{"line":233,"column":1}},"line":180},"15":{"name":"(anonymous_15)","decl":{"start":{"line":188,"column":37},"end":{"line":188,"column":38}},"loc":{"start":{"line":188,"column":43},"end":{"line":188,"column":72}},"line":188},"16":{"name":"(anonymous_16)","decl":{"start":{"line":203,"column":19},"end":{"line":203,"column":20}},"loc":{"start":{"line":203,"column":33},"end":{"line":210,"column":5}},"line":203},"17":{"name":"(anonymous_17)","decl":{"start":{"line":207,"column":40},"end":{"line":207,"column":41}},"loc":{"start":{"line":207,"column":46},"end":{"line":207,"column":88}},"line":207},"18":{"name":"(anonymous_18)","decl":{"start":{"line":218,"column":43},"end":{"line":218,"column":44}},"loc":{"start":{"line":218,"column":49},"end":{"line":223,"column":5}},"line":218},"19":{"name":"(anonymous_19)","decl":{"start":{"line":220,"column":19},"end":{"line":220,"column":20}},"loc":{"start":{"line":220,"column":25},"end":{"line":222,"column":9}},"line":220},"20":{"name":"rotateImg","decl":{"start":{"line":224,"column":13},"end":{"line":224,"column":22}},"loc":{"start":{"line":224,"column":25},"end":{"line":226,"column":5}},"line":224},"21":{"name":"capitalise","decl":{"start":{"line":235,"column":9},"end":{"line":235,"column":19}},"loc":{"start":{"line":235,"column":28},"end":{"line":237,"column":1}},"line":235},"22":{"name":"habitModal","decl":{"start":{"line":239,"column":15},"end":{"line":239,"column":25}},"loc":{"start":{"line":239,"column":33},"end":{"line":301,"column":1}},"line":239},"23":{"name":"(anonymous_23)","decl":{"start":{"line":256,"column":47},"end":{"line":256,"column":48}},"loc":{"start":{"line":256,"column":60},"end":{"line":260,"column":5}},"line":256},"24":{"name":"(anonymous_24)","decl":{"start":{"line":265,"column":32},"end":{"line":265,"column":33}},"loc":{"start":{"line":265,"column":37},"end":{"line":269,"column":5}},"line":265},"25":{"name":"(anonymous_25)","decl":{"start":{"line":267,"column":45},"end":{"line":267,"column":46}},"loc":{"start":{"line":267,"column":57},"end":{"line":267,"column":81}},"line":267},"26":{"name":"(anonymous_26)","decl":{"start":{"line":273,"column":28},"end":{"line":273,"column":29}},"loc":{"start":{"line":273,"column":33},"end":{"line":278,"column":5}},"line":273},"27":{"name":"(anonymous_27)","decl":{"start":{"line":275,"column":45},"end":{"line":275,"column":46}},"loc":{"start":{"line":275,"column":57},"end":{"line":275,"column":81}},"line":275},"28":{"name":"(anonymous_28)","decl":{"start":{"line":286,"column":46},"end":{"line":286,"column":47}},"loc":{"start":{"line":286,"column":59},"end":{"line":290,"column":5}},"line":286},"29":{"name":"(anonymous_29)","decl":{"start":{"line":293,"column":43},"end":{"line":293,"column":44}},"loc":{"start":{"line":293,"column":50},"end":{"line":296,"column":5}},"line":293},"30":{"name":"createPage","decl":{"start":{"line":303,"column":9},"end":{"line":303,"column":19}},"loc":{"start":{"line":303,"column":22},"end":{"line":332,"column":1}},"line":303},"31":{"name":"(anonymous_31)","decl":{"start":{"line":312,"column":25},"end":{"line":312,"column":26}},"loc":{"start":{"line":312,"column":30},"end":{"line":316,"column":5}},"line":312},"32":{"name":"(anonymous_32)","decl":{"start":{"line":314,"column":45},"end":{"line":314,"column":46}},"loc":{"start":{"line":314,"column":57},"end":{"line":314,"column":81}},"line":314},"33":{"name":"(anonymous_33)","decl":{"start":{"line":320,"column":28},"end":{"line":320,"column":29}},"loc":{"start":{"line":320,"column":33},"end":{"line":325,"column":5}},"line":320},"34":{"name":"(anonymous_34)","decl":{"start":{"line":322,"column":45},"end":{"line":322,"column":46}},"loc":{"start":{"line":322,"column":57},"end":{"line":322,"column":81}},"line":322},"35":{"name":"(anonymous_35)","decl":{"start":{"line":326,"column":42},"end":{"line":326,"column":43}},"loc":{"start":{"line":326,"column":49},"end":{"line":329,"column":5}},"line":326},"36":{"name":"clearPage","decl":{"start":{"line":334,"column":9},"end":{"line":334,"column":18}},"loc":{"start":{"line":334,"column":21},"end":{"line":336,"column":1}},"line":334},"37":{"name":"backbutton","decl":{"start":{"line":338,"column":9},"end":{"line":338,"column":19}},"loc":{"start":{"line":338,"column":26},"end":{"line":344,"column":1}},"line":338},"38":{"name":"(anonymous_38)","decl":{"start":{"line":341,"column":41},"end":{"line":341,"column":42}},"loc":{"start":{"line":341,"column":47},"end":{"line":341,"column":78}},"line":341},"39":{"name":"logoutButton","decl":{"start":{"line":346,"column":9},"end":{"line":346,"column":21}},"loc":{"start":{"line":346,"column":24},"end":{"line":356,"column":1}},"line":346},"40":{"name":"requestLogin","decl":{"start":{"line":360,"column":15},"end":{"line":360,"column":27}},"loc":{"start":{"line":360,"column":30},"end":{"line":374,"column":1}},"line":360},"41":{"name":"login","decl":{"start":{"line":376,"column":9},"end":{"line":376,"column":14}},"loc":{"start":{"line":376,"column":20},"end":{"line":381,"column":1}},"line":376},"42":{"name":"logout","decl":{"start":{"line":383,"column":9},"end":{"line":383,"column":15}},"loc":{"start":{"line":383,"column":18},"end":{"line":386,"column":1}},"line":383},"43":{"name":"requestRegistration","decl":{"start":{"line":389,"column":15},"end":{"line":389,"column":34}},"loc":{"start":{"line":389,"column":38},"end":{"line":403,"column":1}},"line":389},"44":{"name":"userHabits","decl":{"start":{"line":406,"column":15},"end":{"line":406,"column":25}},"loc":{"start":{"line":406,"column":36},"end":{"line":419,"column":1}},"line":406},"45":{"name":"singleHabit","decl":{"start":{"line":421,"column":15},"end":{"line":421,"column":26}},"loc":{"start":{"line":421,"column":44},"end":{"line":433,"column":1}},"line":421},"46":{"name":"completedHabit","decl":{"start":{"line":436,"column":15},"end":{"line":436,"column":29}},"loc":{"start":{"line":436,"column":47},"end":{"line":448,"column":1}},"line":436},"47":{"name":"createHabit","decl":{"start":{"line":450,"column":15},"end":{"line":450,"column":26}},"loc":{"start":{"line":450,"column":40},"end":{"line":462,"column":1}},"line":450},"48":{"name":"updateFrequency","decl":{"start":{"line":464,"column":15},"end":{"line":464,"column":30}},"loc":{"start":{"line":464,"column":51},"end":{"line":476,"column":1}},"line":464},"49":{"name":"deleteHabit","decl":{"start":{"line":479,"column":15},"end":{"line":479,"column":26}},"loc":{"start":{"line":479,"column":47},"end":{"line":490,"column":1}},"line":479}},"branchMap":{"0":{"loc":{"start":{"line":48,"column":4},"end":{"line":66,"column":5}},"type":"if","locations":[{"start":{"line":48,"column":4},"end":{"line":66,"column":5}},{"start":{"line":51,"column":11},"end":{"line":66,"column":5}}],"line":48},"1":{"loc":{"start":{"line":51,"column":11},"end":{"line":66,"column":5}},"type":"if","locations":[{"start":{"line":51,"column":11},"end":{"line":66,"column":5}},{"start":{"line":54,"column":11},"end":{"line":66,"column":5}}],"line":51},"2":{"loc":{"start":{"line":54,"column":11},"end":{"line":66,"column":5}},"type":"if","locations":[{"start":{"line":54,"column":11},"end":{"line":66,"column":5}},{"start":{"line":57,"column":11},"end":{"line":66,"column":5}}],"line":54},"3":{"loc":{"start":{"line":57,"column":11},"end":{"line":66,"column":5}},"type":"if","locations":[{"start":{"line":57,"column":11},"end":{"line":66,"column":5}},{"start":{"line":60,"column":11},"end":{"line":66,"column":5}}],"line":57},"4":{"loc":{"start":{"line":60,"column":11},"end":{"line":66,"column":5}},"type":"if","locations":[{"start":{"line":60,"column":11},"end":{"line":66,"column":5}},{"start":{"line":63,"column":11},"end":{"line":66,"column":5}}],"line":60},"5":{"loc":{"start":{"line":60,"column":15},"end":{"line":60,"column":51}},"type":"binary-expr","locations":[{"start":{"line":60,"column":15},"end":{"line":60,"column":35}},{"start":{"line":60,"column":39},"end":{"line":60,"column":51}}],"line":60},"6":{"loc":{"start":{"line":63,"column":11},"end":{"line":66,"column":5}},"type":"if","locations":[{"start":{"line":63,"column":11},"end":{"line":66,"column":5}},{"start":{},"end":{}}],"line":63},"7":{"loc":{"start":{"line":279,"column":4},"end":{"line":285,"column":5}},"type":"if","locations":[{"start":{"line":279,"column":4},"end":{"line":285,"column":5}},{"start":{"line":281,"column":11},"end":{"line":285,"column":5}}],"line":279},"8":{"loc":{"start":{"line":281,"column":11},"end":{"line":285,"column":5}},"type":"if","locations":[{"start":{"line":281,"column":11},"end":{"line":285,"column":5}},{"start":{"line":283,"column":11},"end":{"line":285,"column":5}}],"line":281},"9":{"loc":{"start":{"line":283,"column":11},"end":{"line":285,"column":5}},"type":"if","locations":[{"start":{"line":283,"column":11},"end":{"line":285,"column":5}},{"start":{},"end":{}}],"line":283},"10":{"loc":{"start":{"line":369,"column":8},"end":{"line":369,"column":48}},"type":"if","locations":[{"start":{"line":369,"column":8},"end":{"line":369,"column":48}},{"start":{},"end":{}}],"line":369},"11":{"loc":{"start":{"line":398,"column":8},"end":{"line":398,"column":47}},"type":"if","locations":[{"start":{"line":398,"column":8},"end":{"line":398,"column":47}},{"start":{},"end":{}}],"line":398}},"s":{"0":3,"1":3,"2":3,"3":3,"4":3,"5":3,"6":3,"7":3,"8":3,"9":3,"10":3,"11":3,"12":3,"13":3,"14":3,"15":3,"16":3,"17":0,"18":0,"19":0,"20":0,"21":0,"22":0,"23":0,"24":0,"25":0,"26":0,"27":0,"28":0,"29":0,"30":0,"31":0,"32":4,"33":4,"34":4,"35":4,"36":4,"37":4,"38":4,"39":4,"40":4,"41":4,"42":4,"43":4,"44":4,"45":4,"46":4,"47":4,"48":4,"49":4,"50":4,"51":4,"52":4,"53":4,"54":4,"55":4,"56":4,"57":0,"58":4,"59":4,"60":4,"61":4,"62":4,"63":4,"64":4,"65":4,"66":0,"67":1,"68":1,"69":1,"70":1,"71":1,"72":1,"73":1,"74":1,"75":0,"76":1,"77":1,"78":1,"79":1,"80":1,"81":1,"82":1,"83":1,"84":1,"85":3,"86":3,"87":13,"88":3,"89":1,"90":0,"91":0,"92":1,"93":1,"94":1,"95":1,"96":1,"97":1,"98":1,"99":1,"100":1,"101":1,"102":1,"103":1,"104":0,"105":1,"106":1,"107":1,"108":1,"109":1,"110":1,"111":1,"112":1,"113":1,"114":3,"115":3,"116":13,"117":3,"118":1,"119":0,"120":0,"121":1,"122":1,"123":1,"124":1,"125":1,"126":1,"127":1,"128":0,"129":1,"130":1,"131":1,"132":1,"133":1,"134":1,"135":1,"136":1,"137":1,"138":1,"139":1,"140":1,"141":1,"142":1,"143":1,"144":1,"145":1,"146":0,"147":1,"148":1,"149":1,"150":1,"151":1,"152":1,"153":1,"154":1,"155":0,"156":0,"157":0,"158":0,"159":1,"160":1,"161":1,"162":1,"163":1,"164":1,"165":1,"166":1,"167":1,"168":1,"169":1,"170":1,"171":1,"172":1,"173":1,"174":1,"175":1,"176":1,"177":1,"178":1,"179":1,"180":1,"181":1,"182":1,"183":1,"184":0,"185":0,"186":0,"187":1,"188":1,"189":1,"190":1,"191":2,"192":2,"193":5,"194":2,"195":1,"196":1,"197":1,"198":3,"199":3,"200":3,"201":3,"202":3,"203":1,"204":0,"205":1,"206":1,"207":0,"208":0,"209":1,"210":0,"211":0,"212":0,"213":1,"214":1,"215":1,"216":0,"217":0,"218":1,"219":1,"220":1,"221":1,"222":1,"223":1,"224":1,"225":1,"226":1,"227":1,"228":1,"229":3,"230":3,"231":10,"232":3,"233":1,"234":1,"235":1,"236":1,"237":3,"238":3,"239":3,"240":3,"241":3,"242":1,"243":0,"244":0,"245":1,"246":1,"247":13,"248":3,"249":3,"250":3,"251":0,"252":3,"253":3,"254":4,"255":4,"256":4,"257":4,"258":4,"259":4,"260":4,"261":4,"262":4,"263":2,"264":2,"265":2,"266":2,"267":1,"268":0,"269":1,"270":2,"271":1,"272":0,"273":0,"274":0,"275":0,"276":0,"277":1,"278":1,"279":1,"280":1,"281":1,"282":0,"283":1,"284":0,"285":2,"286":2,"287":2,"288":2,"289":2,"290":2,"291":2,"292":0,"293":2,"294":2,"295":2,"296":2,"297":2,"298":2,"299":0,"300":1,"301":1,"302":1,"303":1,"304":0,"305":1,"306":1,"307":1,"308":1,"309":0,"310":1,"311":1,"312":1,"313":0,"314":1,"315":1,"316":1,"317":1,"318":0,"319":3},"f":{"0":3,"1":4,"2":0,"3":0,"4":1,"5":0,"6":3,"7":13,"8":0,"9":1,"10":0,"11":3,"12":13,"13":0,"14":1,"15":0,"16":1,"17":0,"18":0,"19":0,"20":0,"21":1,"22":1,"23":0,"24":2,"25":5,"26":3,"27":3,"28":0,"29":0,"30":1,"31":3,"32":10,"33":3,"34":3,"35":0,"36":13,"37":3,"38":0,"39":4,"40":2,"41":1,"42":0,"43":1,"44":2,"45":2,"46":1,"47":1,"48":1,"49":1},"b":{"0":[3,0],"1":[0,0],"2":[0,0],"3":[0,0],"4":[0,0],"5":[0,0],"6":[0,0],"7":[0,1],"8":[1,0],"9":[0,0],"10":[0,1],"11":[0,1]},"_coverageSchema":"1a1c01bbd47fc00a2c39e90264f33305004495a9","hash":"2e1fe9e29f48fd27e73d0a3f34a3919250ace8de"}
}
