{"C:\\Users\\Ami\\Documents\\Futureproof\\Lap 2\\Project Week\\lap2_project_frontend\\static\\js\\layout.js": {"path":"C:\\Users\\Ami\\Documents\\Futureproof\\Lap 2\\Project Week\\lap2_project_frontend\\static\\js\\layout.js","statementMap":{"0":{"start":{"line":1,"column":13},"end":{"line":1,"column":43}},"1":{"start":{"line":5,"column":20},"end":{"line":9,"column":1}},"2":{"start":{"line":11,"column":23},"end":{"line":15,"column":1}},"3":{"start":{"line":19,"column":0},"end":{"line":19,"column":15}},"4":{"start":{"line":21,"column":0},"end":{"line":21,"column":53}},"5":{"start":{"line":24,"column":4},"end":{"line":24,"column":42}},"6":{"start":{"line":25,"column":15},"end":{"line":25,"column":48}},"7":{"start":{"line":26,"column":4},"end":{"line":41,"column":5}},"8":{"start":{"line":27,"column":8},"end":{"line":27,"column":20}},"9":{"start":{"line":28,"column":8},"end":{"line":28,"column":19}},"10":{"start":{"line":29,"column":11},"end":{"line":41,"column":5}},"11":{"start":{"line":30,"column":8},"end":{"line":30,"column":20}},"12":{"start":{"line":31,"column":8},"end":{"line":31,"column":20}},"13":{"start":{"line":32,"column":11},"end":{"line":41,"column":5}},"14":{"start":{"line":33,"column":8},"end":{"line":33,"column":20}},"15":{"start":{"line":34,"column":8},"end":{"line":34,"column":23}},"16":{"start":{"line":35,"column":11},"end":{"line":41,"column":5}},"17":{"start":{"line":36,"column":8},"end":{"line":36,"column":20}},"18":{"start":{"line":37,"column":8},"end":{"line":37,"column":20}},"19":{"start":{"line":38,"column":11},"end":{"line":41,"column":5}},"20":{"start":{"line":39,"column":8},"end":{"line":39,"column":20}},"21":{"start":{"line":40,"column":8},"end":{"line":40,"column":26}},"22":{"start":{"line":45,"column":20},"end":{"line":45,"column":49}},"23":{"start":{"line":46,"column":4},"end":{"line":46,"column":30}},"24":{"start":{"line":47,"column":19},"end":{"line":47,"column":47}},"25":{"start":{"line":48,"column":4},"end":{"line":48,"column":52}},"26":{"start":{"line":49,"column":4},"end":{"line":49,"column":32}},"27":{"start":{"line":50,"column":24},"end":{"line":50,"column":56}},"28":{"start":{"line":51,"column":4},"end":{"line":51,"column":38}},"29":{"start":{"line":52,"column":4},"end":{"line":52,"column":37}},"30":{"start":{"line":53,"column":4},"end":{"line":53,"column":81}},"31":{"start":{"line":53,"column":49},"end":{"line":53,"column":79}},"32":{"start":{"line":54,"column":27},"end":{"line":54,"column":59}},"33":{"start":{"line":55,"column":4},"end":{"line":55,"column":44}},"34":{"start":{"line":56,"column":4},"end":{"line":56,"column":40}},"35":{"start":{"line":57,"column":4},"end":{"line":57,"column":87}},"36":{"start":{"line":57,"column":52},"end":{"line":57,"column":85}},"37":{"start":{"line":61,"column":21},"end":{"line":61,"column":50}},"38":{"start":{"line":62,"column":4},"end":{"line":62,"column":31}},"39":{"start":{"line":63,"column":22},"end":{"line":63,"column":52}},"40":{"start":{"line":64,"column":4},"end":{"line":68,"column":6}},"41":{"start":{"line":65,"column":22},"end":{"line":65,"column":51}},"42":{"start":{"line":66,"column":8},"end":{"line":66,"column":82}},"43":{"start":{"line":66,"column":57},"end":{"line":66,"column":81}},"44":{"start":{"line":67,"column":8},"end":{"line":67,"column":37}},"45":{"start":{"line":69,"column":4},"end":{"line":69,"column":38}},"46":{"start":{"line":70,"column":4},"end":{"line":70,"column":35}},"47":{"start":{"line":74,"column":24},"end":{"line":74,"column":53}},"48":{"start":{"line":75,"column":4},"end":{"line":75,"column":34}},"49":{"start":{"line":76,"column":25},"end":{"line":76,"column":55}},"50":{"start":{"line":77,"column":4},"end":{"line":81,"column":6}},"51":{"start":{"line":78,"column":22},"end":{"line":78,"column":51}},"52":{"start":{"line":79,"column":8},"end":{"line":79,"column":82}},"53":{"start":{"line":79,"column":57},"end":{"line":79,"column":81}},"54":{"start":{"line":80,"column":8},"end":{"line":80,"column":40}},"55":{"start":{"line":82,"column":4},"end":{"line":82,"column":48}},"56":{"start":{"line":83,"column":4},"end":{"line":83,"column":41}},"57":{"start":{"line":87,"column":25},"end":{"line":87,"column":54}},"58":{"start":{"line":88,"column":4},"end":{"line":88,"column":35}},"59":{"start":{"line":89,"column":19},"end":{"line":89,"column":47}},"60":{"start":{"line":90,"column":4},"end":{"line":90,"column":43}},"61":{"start":{"line":91,"column":4},"end":{"line":91,"column":37}},"62":{"start":{"line":92,"column":19},"end":{"line":92,"column":69}},"63":{"start":{"line":93,"column":4},"end":{"line":93,"column":34}},"64":{"start":{"line":94,"column":4},"end":{"line":99,"column":6}},"65":{"start":{"line":95,"column":22},"end":{"line":95,"column":54}},"66":{"start":{"line":96,"column":8},"end":{"line":96,"column":41}},"67":{"start":{"line":97,"column":8},"end":{"line":97,"column":87}},"68":{"start":{"line":97,"column":47},"end":{"line":97,"column":85}},"69":{"start":{"line":98,"column":8},"end":{"line":98,"column":40}},"70":{"start":{"line":103,"column":4},"end":{"line":103,"column":23}},"71":{"start":{"line":108,"column":4},"end":{"line":108,"column":27}},"72":{"start":{"line":115,"column":4},"end":{"line":115,"column":23}},"73":{"start":{"line":116,"column":4},"end":{"line":128,"column":5}},"74":{"start":{"line":117,"column":24},"end":{"line":121,"column":9}},"75":{"start":{"line":122,"column":18},"end":{"line":122,"column":74}},"76":{"start":{"line":123,"column":21},"end":{"line":123,"column":35}},"77":{"start":{"line":124,"column":8},"end":{"line":124,"column":47}},"78":{"start":{"line":124,"column":23},"end":{"line":124,"column":45}},"79":{"start":{"line":125,"column":8},"end":{"line":125,"column":20}},"80":{"start":{"line":127,"column":8},"end":{"line":127,"column":38}},"81":{"start":{"line":133,"column":20},"end":{"line":133,"column":42}},"82":{"start":{"line":136,"column":4},"end":{"line":136,"column":46}},"83":{"start":{"line":137,"column":4},"end":{"line":137,"column":55}},"84":{"start":{"line":139,"column":4},"end":{"line":139,"column":39}},"85":{"start":{"line":143,"column":4},"end":{"line":143,"column":25}},"86":{"start":{"line":144,"column":4},"end":{"line":144,"column":28}},"87":{"start":{"line":154,"column":4},"end":{"line":154,"column":23}},"88":{"start":{"line":155,"column":4},"end":{"line":167,"column":5}},"89":{"start":{"line":156,"column":24},"end":{"line":160,"column":9}},"90":{"start":{"line":161,"column":18},"end":{"line":161,"column":77}},"91":{"start":{"line":162,"column":21},"end":{"line":162,"column":35}},"92":{"start":{"line":163,"column":8},"end":{"line":163,"column":46}},"93":{"start":{"line":163,"column":23},"end":{"line":163,"column":44}},"94":{"start":{"line":164,"column":8},"end":{"line":164,"column":24}},"95":{"start":{"line":166,"column":8},"end":{"line":166,"column":26}},"96":{"start":{"line":177,"column":4},"end":{"line":177,"column":65}},"97":{"start":{"line":178,"column":4},"end":{"line":189,"column":5}},"98":{"start":{"line":179,"column":24},"end":{"line":181,"column":9}},"99":{"start":{"line":182,"column":25},"end":{"line":182,"column":88}},"100":{"start":{"line":183,"column":21},"end":{"line":183,"column":42}},"101":{"start":{"line":184,"column":8},"end":{"line":184,"column":33}},"102":{"start":{"line":185,"column":8},"end":{"line":185,"column":53}},"103":{"start":{"line":186,"column":8},"end":{"line":186,"column":30}},"104":{"start":{"line":188,"column":8},"end":{"line":188,"column":26}},"105":{"start":{"line":193,"column":0},"end":{"line":197,"column":1}}},"fnMap":{"0":{"name":"updateContent","decl":{"start":{"line":23,"column":9},"end":{"line":23,"column":22}},"loc":{"start":{"line":23,"column":24},"end":{"line":42,"column":1}},"line":23},"1":{"name":"homePage","decl":{"start":{"line":44,"column":9},"end":{"line":44,"column":17}},"loc":{"start":{"line":44,"column":20},"end":{"line":58,"column":1}},"line":44},"2":{"name":"(anonymous_2)","decl":{"start":{"line":53,"column":42},"end":{"line":53,"column":43}},"loc":{"start":{"line":53,"column":48},"end":{"line":53,"column":80}},"line":53},"3":{"name":"(anonymous_3)","decl":{"start":{"line":57,"column":45},"end":{"line":57,"column":46}},"loc":{"start":{"line":57,"column":51},"end":{"line":57,"column":86}},"line":57},"4":{"name":"loginPage","decl":{"start":{"line":60,"column":9},"end":{"line":60,"column":18}},"loc":{"start":{"line":60,"column":21},"end":{"line":71,"column":1}},"line":60},"5":{"name":"(anonymous_5)","decl":{"start":{"line":64,"column":24},"end":{"line":64,"column":25}},"loc":{"start":{"line":64,"column":29},"end":{"line":68,"column":5}},"line":64},"6":{"name":"(anonymous_6)","decl":{"start":{"line":66,"column":45},"end":{"line":66,"column":46}},"loc":{"start":{"line":66,"column":57},"end":{"line":66,"column":81}},"line":66},"7":{"name":"registerPage","decl":{"start":{"line":73,"column":9},"end":{"line":73,"column":21}},"loc":{"start":{"line":73,"column":24},"end":{"line":84,"column":1}},"line":73},"8":{"name":"(anonymous_8)","decl":{"start":{"line":77,"column":27},"end":{"line":77,"column":28}},"loc":{"start":{"line":77,"column":32},"end":{"line":81,"column":5}},"line":77},"9":{"name":"(anonymous_9)","decl":{"start":{"line":79,"column":45},"end":{"line":79,"column":46}},"loc":{"start":{"line":79,"column":57},"end":{"line":79,"column":81}},"line":79},"10":{"name":"dashboard","decl":{"start":{"line":86,"column":15},"end":{"line":86,"column":24}},"loc":{"start":{"line":86,"column":27},"end":{"line":100,"column":1}},"line":86},"11":{"name":"(anonymous_11)","decl":{"start":{"line":94,"column":19},"end":{"line":94,"column":20}},"loc":{"start":{"line":94,"column":33},"end":{"line":99,"column":5}},"line":94},"12":{"name":"(anonymous_12)","decl":{"start":{"line":97,"column":40},"end":{"line":97,"column":41}},"loc":{"start":{"line":97,"column":46},"end":{"line":97,"column":86}},"line":97},"13":{"name":"habitModal","decl":{"start":{"line":102,"column":9},"end":{"line":102,"column":19}},"loc":{"start":{"line":102,"column":27},"end":{"line":104,"column":1}},"line":102},"14":{"name":"clearPage","decl":{"start":{"line":107,"column":9},"end":{"line":107,"column":18}},"loc":{"start":{"line":107,"column":21},"end":{"line":109,"column":1}},"line":107},"15":{"name":"requestLogin","decl":{"start":{"line":114,"column":15},"end":{"line":114,"column":27}},"loc":{"start":{"line":114,"column":30},"end":{"line":129,"column":1}},"line":114},"16":{"name":"login","decl":{"start":{"line":131,"column":9},"end":{"line":131,"column":14}},"loc":{"start":{"line":131,"column":20},"end":{"line":140,"column":1}},"line":131},"17":{"name":"logout","decl":{"start":{"line":142,"column":9},"end":{"line":142,"column":15}},"loc":{"start":{"line":142,"column":17},"end":{"line":145,"column":1}},"line":142},"18":{"name":"requestRegistration","decl":{"start":{"line":153,"column":15},"end":{"line":153,"column":34}},"loc":{"start":{"line":153,"column":38},"end":{"line":168,"column":1}},"line":153},"19":{"name":"userHabits","decl":{"start":{"line":176,"column":15},"end":{"line":176,"column":25}},"loc":{"start":{"line":176,"column":36},"end":{"line":190,"column":1}},"line":176}},"branchMap":{"0":{"loc":{"start":{"line":26,"column":4},"end":{"line":41,"column":5}},"type":"if","locations":[{"start":{"line":26,"column":4},"end":{"line":41,"column":5}},{"start":{"line":29,"column":11},"end":{"line":41,"column":5}}],"line":26},"1":{"loc":{"start":{"line":29,"column":11},"end":{"line":41,"column":5}},"type":"if","locations":[{"start":{"line":29,"column":11},"end":{"line":41,"column":5}},{"start":{"line":32,"column":11},"end":{"line":41,"column":5}}],"line":29},"2":{"loc":{"start":{"line":32,"column":11},"end":{"line":41,"column":5}},"type":"if","locations":[{"start":{"line":32,"column":11},"end":{"line":41,"column":5}},{"start":{"line":35,"column":11},"end":{"line":41,"column":5}}],"line":32},"3":{"loc":{"start":{"line":35,"column":11},"end":{"line":41,"column":5}},"type":"if","locations":[{"start":{"line":35,"column":11},"end":{"line":41,"column":5}},{"start":{"line":38,"column":11},"end":{"line":41,"column":5}}],"line":35},"4":{"loc":{"start":{"line":38,"column":11},"end":{"line":41,"column":5}},"type":"if","locations":[{"start":{"line":38,"column":11},"end":{"line":41,"column":5}},{"start":{},"end":{}}],"line":38},"5":{"loc":{"start":{"line":124,"column":8},"end":{"line":124,"column":47}},"type":"if","locations":[{"start":{"line":124,"column":8},"end":{"line":124,"column":47}},{"start":{},"end":{}}],"line":124},"6":{"loc":{"start":{"line":163,"column":8},"end":{"line":163,"column":46}},"type":"if","locations":[{"start":{"line":163,"column":8},"end":{"line":163,"column":46}},{"start":{},"end":{}}],"line":163}},"s":{"0":1,"1":1,"2":1,"3":1,"4":1,"5":1,"6":1,"7":1,"8":1,"9":1,"10":0,"11":0,"12":0,"13":0,"14":0,"15":0,"16":0,"17":0,"18":0,"19":0,"20":0,"21":0,"22":1,"23":1,"24":1,"25":1,"26":1,"27":1,"28":1,"29":1,"30":1,"31":0,"32":1,"33":1,"34":1,"35":1,"36":0,"37":0,"38":0,"39":0,"40":0,"41":0,"42":0,"43":0,"44":0,"45":0,"46":0,"47":0,"48":0,"49":0,"50":0,"51":0,"52":0,"53":0,"54":0,"55":0,"56":0,"57":0,"58":0,"59":0,"60":0,"61":0,"62":0,"63":0,"64":0,"65":0,"66":0,"67":0,"68":0,"69":0,"70":0,"71":1,"72":0,"73":0,"74":0,"75":0,"76":0,"77":0,"78":0,"79":0,"80":0,"81":0,"82":0,"83":0,"84":0,"85":0,"86":0,"87":0,"88":0,"89":0,"90":0,"91":0,"92":0,"93":0,"94":0,"95":0,"96":0,"97":0,"98":0,"99":0,"100":0,"101":0,"102":0,"103":0,"104":0,"105":1},"f":{"0":1,"1":1,"2":0,"3":0,"4":0,"5":0,"6":0,"7":0,"8":0,"9":0,"10":0,"11":0,"12":0,"13":0,"14":1,"15":0,"16":0,"17":0,"18":0,"19":0},"b":{"0":[1,0],"1":[0,0],"2":[0,0],"3":[0,0],"4":[0,0],"5":[0,0],"6":[0,0]},"_coverageSchema":"1a1c01bbd47fc00a2c39e90264f33305004495a9","hash":"bd9ee9ef458e7aa69b82c409f259f3bbeac98d2f"}
}
