TN:
SF:static/js/layout.js
FN:43,updateContent
FN:69,homePage
FN:97,(anonymous_2)
FN:106,(anonymous_3)
FN:109,loginPage
FN:119,(anonymous_5)
FN:130,(anonymous_6)
FN:132,(anonymous_7)
FN:135,(anonymous_8)
FN:142,registerPage
FN:156,(anonymous_10)
FN:167,(anonymous_11)
FN:169,(anonymous_12)
FN:173,(anonymous_13)
FN:180,dashboard
FN:188,(anonymous_15)
FN:203,(anonymous_16)
FN:207,(anonymous_17)
FN:218,(anonymous_18)
FN:220,(anonymous_19)
FN:224,rotateImg
FN:235,habitModal
FN:241,capitalise
FN:257,(anonymous_23)
FN:266,(anonymous_24)
FN:268,(anonymous_25)
FN:273,(anonymous_26)
FN:275,(anonymous_27)
FN:279,(anonymous_28)
FN:286,(anonymous_29)
FN:296,createPage
FN:305,(anonymous_31)
FN:307,(anonymous_32)
FN:313,(anonymous_33)
FN:315,(anonymous_34)
FN:319,(anonymous_35)
FN:327,clearPage
FN:331,backbutton
FN:334,(anonymous_38)
FN:339,logoutButton
FN:353,requestLogin
FN:369,login
FN:376,logout
FN:382,requestRegistration
FN:399,userHabits
FN:414,singleHabit
FN:429,completedHabit
FN:443,createHabit
FN:457,updateFrequency
FN:472,deleteHabit
FNF:50
FNH:33
FNDA:3,updateContent
FNDA:4,homePage
FNDA:0,(anonymous_2)
FNDA:0,(anonymous_3)
FNDA:1,loginPage
FNDA:0,(anonymous_5)
FNDA:3,(anonymous_6)
FNDA:13,(anonymous_7)
FNDA:0,(anonymous_8)
FNDA:1,registerPage
FNDA:0,(anonymous_10)
FNDA:3,(anonymous_11)
FNDA:13,(anonymous_12)
FNDA:0,(anonymous_13)
FNDA:1,dashboard
FNDA:0,(anonymous_15)
FNDA:1,(anonymous_16)
FNDA:0,(anonymous_17)
FNDA:0,(anonymous_18)
FNDA:0,(anonymous_19)
FNDA:0,rotateImg
FNDA:1,habitModal
FNDA:1,capitalise
FNDA:0,(anonymous_23)
FNDA:2,(anonymous_24)
FNDA:5,(anonymous_25)
FNDA:3,(anonymous_26)
FNDA:3,(anonymous_27)
FNDA:0,(anonymous_28)
FNDA:0,(anonymous_29)
FNDA:1,createPage
FNDA:3,(anonymous_31)
FNDA:10,(anonymous_32)
FNDA:3,(anonymous_33)
FNDA:3,(anonymous_34)
FNDA:0,(anonymous_35)
FNDA:11,clearPage
FNDA:3,backbutton
FNDA:0,(anonymous_38)
FNDA:4,logoutButton
FNDA:2,requestLogin
FNDA:1,login
FNDA:0,logout
FNDA:1,requestRegistration
FNDA:2,userHabits
FNDA:2,singleHabit
FNDA:1,completedHabit
FNDA:1,createHabit
FNDA:1,updateFrequency
FNDA:1,deleteHabit
DA:1,3
DA:4,3
DA:5,3
DA:8,3
DA:14,3
DA:20,3
DA:25,3
DA:31,3
DA:39,3
DA:41,3
DA:44,3
DA:45,3
DA:46,3
DA:47,3
DA:48,3
DA:49,3
DA:50,3
DA:51,0
DA:52,0
DA:53,0
DA:54,0
DA:55,0
DA:56,0
DA:57,0
DA:58,0
DA:59,0
DA:60,0
DA:61,0
DA:62,0
DA:63,0
DA:64,0
DA:65,0
DA:70,4
DA:71,4
DA:72,4
DA:73,4
DA:74,4
DA:75,4
DA:76,4
DA:78,4
DA:79,4
DA:80,4
DA:81,4
DA:82,4
DA:83,4
DA:84,4
DA:86,4
DA:87,4
DA:88,4
DA:90,4
DA:91,4
DA:92,4
DA:93,4
DA:94,4
DA:95,4
DA:96,4
DA:97,4
DA:99,4
DA:100,4
DA:101,4
DA:102,4
DA:103,4
DA:104,4
DA:105,4
DA:106,4
DA:110,1
DA:111,1
DA:112,1
DA:114,1
DA:115,1
DA:116,1
DA:117,1
DA:119,1
DA:121,1
DA:122,1
DA:123,1
DA:125,1
DA:126,1
DA:127,1
DA:128,1
DA:129,1
DA:130,1
DA:131,3
DA:132,13
DA:133,3
DA:135,1
DA:136,0
DA:137,0
DA:139,1
DA:143,1
DA:144,1
DA:145,1
DA:147,1
DA:148,1
DA:149,1
DA:151,1
DA:152,1
DA:153,1
DA:154,1
DA:156,1
DA:158,1
DA:159,1
DA:160,1
DA:162,1
DA:163,1
DA:164,1
DA:165,1
DA:166,1
DA:167,1
DA:168,3
DA:169,13
DA:170,3
DA:173,1
DA:174,0
DA:175,0
DA:177,1
DA:182,1
DA:183,1
DA:184,1
DA:185,1
DA:186,1
DA:188,1
DA:190,1
DA:191,1
DA:192,1
DA:193,1
DA:194,1
DA:195,1
DA:196,1
DA:198,1
DA:199,1
DA:200,1
DA:201,1
DA:202,1
DA:203,1
DA:204,1
DA:205,1
DA:206,1
DA:207,1
DA:208,1
DA:209,1
DA:212,1
DA:213,1
DA:214,1
DA:215,1
DA:217,1
DA:218,1
DA:219,0
DA:220,0
DA:221,0
DA:225,0
DA:227,1
DA:228,1
DA:229,1
DA:230,1
DA:231,1
DA:232,1
DA:236,1
DA:237,1
DA:238,1
DA:239,1
DA:242,1
DA:245,1
DA:246,1
DA:247,1
DA:248,1
DA:249,1
DA:250,1
DA:251,1
DA:252,1
DA:253,1
DA:254,1
DA:255,1
DA:256,1
DA:257,1
DA:258,0
DA:259,0
DA:260,0
DA:262,1
DA:263,1
DA:265,1
DA:266,1
DA:267,2
DA:268,5
DA:269,2
DA:271,1
DA:272,1
DA:273,1
DA:274,3
DA:275,3
DA:276,3
DA:277,3
DA:279,1
DA:280,0
DA:281,0
DA:282,0
DA:284,1
DA:285,1
DA:286,1
DA:287,0
DA:288,0
DA:290,1
DA:291,1
DA:292,1
DA:293,1
DA:297,1
DA:298,1
DA:300,1
DA:301,1
DA:302,1
DA:304,1
DA:305,1
DA:306,3
DA:307,10
DA:308,3
DA:310,1
DA:311,1
DA:312,1
DA:313,1
DA:314,3
DA:315,3
DA:316,3
DA:317,3
DA:319,1
DA:320,0
DA:321,0
DA:323,1
DA:324,1
DA:328,11
DA:332,3
DA:333,3
DA:334,3
DA:335,3
DA:336,3
DA:340,4
DA:341,4
DA:342,4
DA:343,4
DA:344,4
DA:345,4
DA:346,4
DA:347,4
DA:348,4
DA:354,2
DA:355,2
DA:360,2
DA:361,2
DA:362,1
DA:363,1
DA:365,2
DA:370,1
DA:371,0
DA:372,0
DA:373,0
DA:377,0
DA:378,0
DA:383,1
DA:384,1
DA:389,1
DA:390,1
DA:391,1
DA:392,1
DA:394,0
DA:400,2
DA:401,2
DA:404,2
DA:405,2
DA:406,2
DA:407,2
DA:408,2
DA:410,0
DA:415,2
DA:416,2
DA:419,2
DA:420,2
DA:421,2
DA:422,2
DA:424,0
DA:430,1
DA:431,1
DA:432,1
DA:436,1
DA:439,0
DA:444,1
DA:445,1
DA:450,1
DA:451,1
DA:453,0
DA:458,1
DA:459,1
DA:464,1
DA:467,0
DA:473,1
DA:474,1
DA:478,1
DA:479,1
DA:481,0
DA:485,3
LF:298
LH:253
BRDA:48,0,0,3
BRDA:48,0,1,0
BRDA:51,1,0,0
BRDA:51,1,1,0
BRDA:54,2,0,0
BRDA:54,2,1,0
BRDA:57,3,0,0
BRDA:57,3,1,0
BRDA:60,4,0,0
BRDA:60,4,1,0
BRDA:60,5,0,0
BRDA:60,5,1,0
BRDA:63,6,0,0
BRDA:63,6,1,0
BRDA:362,7,0,0
BRDA:362,7,1,1
BRDA:391,8,0,0
BRDA:391,8,1,1
BRF:18
BRH:3
end_of_record
