TN:
SF:static\js\layout.js
FN:23,updateContent
FN:44,homePage
FN:53,(anonymous_2)
FN:57,(anonymous_3)
FN:60,loginPage
FN:64,(anonymous_5)
FN:66,(anonymous_6)
FN:73,registerPage
FN:77,(anonymous_8)
FN:79,(anonymous_9)
FN:86,dashboard
FN:94,(anonymous_11)
FN:97,(anonymous_12)
FN:102,habitModal
FN:107,clearPage
FN:114,requestLogin
FN:131,login
FN:142,logout
FN:153,requestRegistration
FN:176,userHabits
FNF:20
FNH:3
FNDA:1,updateContent
FNDA:1,homePage
FNDA:0,(anonymous_2)
FNDA:0,(anonymous_3)
FNDA:0,loginPage
FNDA:0,(anonymous_5)
FNDA:0,(anonymous_6)
FNDA:0,registerPage
FNDA:0,(anonymous_8)
FNDA:0,(anonymous_9)
FNDA:0,dashboard
FNDA:0,(anonymous_11)
FNDA:0,(anonymous_12)
FNDA:0,habitModal
FNDA:1,clearPage
FNDA:0,requestLogin
FNDA:0,login
FNDA:0,logout
FNDA:0,requestRegistration
FNDA:0,userHabits
DA:1,1
DA:5,1
DA:11,1
DA:19,1
DA:21,1
DA:24,1
DA:25,1
DA:26,1
DA:27,1
DA:28,1
DA:29,0
DA:30,0
DA:31,0
DA:32,0
DA:33,0
DA:34,0
DA:35,0
DA:36,0
DA:37,0
DA:38,0
DA:39,0
DA:40,0
DA:45,1
DA:46,1
DA:47,1
DA:48,1
DA:49,1
DA:50,1
DA:51,1
DA:52,1
DA:53,1
DA:54,1
DA:55,1
DA:56,1
DA:57,1
DA:61,0
DA:62,0
DA:63,0
DA:64,0
DA:65,0
DA:66,0
DA:67,0
DA:69,0
DA:70,0
DA:74,0
DA:75,0
DA:76,0
DA:77,0
DA:78,0
DA:79,0
DA:80,0
DA:82,0
DA:83,0
DA:87,0
DA:88,0
DA:89,0
DA:90,0
DA:91,0
DA:92,0
DA:93,0
DA:94,0
DA:95,0
DA:96,0
DA:97,0
DA:98,0
DA:103,0
DA:108,1
DA:115,0
DA:116,0
DA:117,0
DA:122,0
DA:123,0
DA:124,0
DA:125,0
DA:127,0
DA:133,0
DA:136,0
DA:137,0
DA:139,0
DA:143,0
DA:144,0
DA:154,0
DA:155,0
DA:156,0
DA:161,0
DA:162,0
DA:163,0
DA:164,0
DA:166,0
DA:177,0
DA:178,0
DA:179,0
DA:182,0
DA:183,0
DA:184,0
DA:185,0
DA:186,0
DA:188,0
DA:193,1
LF:99
LH:25
BRDA:26,0,0,1
BRDA:26,0,1,0
BRDA:29,1,0,0
BRDA:29,1,1,0
BRDA:32,2,0,0
BRDA:32,2,1,0
BRDA:35,3,0,0
BRDA:35,3,1,0
BRDA:38,4,0,0
BRDA:38,4,1,0
BRDA:124,5,0,0
BRDA:124,5,1,0
BRDA:163,6,0,0
BRDA:163,6,1,0
BRF:14
BRH:1
end_of_record
